# JRE version: Java(TM) SE Runtime Environment (8.0_66-b17) (build 1.8.0_66-b17)
# Java VM: Java HotSpot(TM) Client VM (25.66-b17 mixed mode windows-x86 )
Heap:
 def new generation   total 22464K, used 20568K [0x04a00000, 0x06260000, 0x09f50000)
  eden space 19968K,  93% used [0x04a00000, 0x05c3c788, 0x05d80000)
  from space 2496K,  75% used [0x05ff0000, 0x061c9bc8, 0x06260000)
  to   space 2496K,   0% used [0x05d80000, 0x05d80000, 0x05ff0000)
 tenured generation   total 49868K, used 32763K [0x09f50000, 0x0d003000, 0x14a00000)
   the space 49868K,  65% used [0x09f50000, 0x0bf4eff0, 0x0bf4f000, 0x0d003000)
 Metaspace       used 37241K, capacity 38618K, committed 38656K, reserved 39296K
GC Heap History (10 events):
Event: 12.734 GC heap before
{Heap before GC invocations=115 (full 4):
 def new generation   total 22464K, used 21177K [0x04a00000, 0x06260000, 0x09f50000)
  eden space 19968K, 100% used [0x04a00000, 0x05d80000, 0x05d80000)
  from space 2496K,  48% used [0x05d80000, 0x05eae718, 0x05ff0000)
  to   space 2496K,   0% used [0x05ff0000, 0x05ff0000, 0x06260000)
 tenured generation   total 49868K, used 30606K [0x09f50000, 0x0d003000, 0x14a00000)
   the space 49868K,  61% used [0x09f50000, 0x0bd338b0, 0x0bd33a00, 0x0d003000)
 Metaspace       used 34193K, capacity 35454K, committed 35456K, reserved 36224K
Event: 12.743 GC heap after
Heap after GC invocations=116 (full 4):
 def new generation   total 22464K, used 1753K [0x04a00000, 0x06260000, 0x09f50000)
  eden space 19968K,   0% used [0x04a00000, 0x04a00000, 0x05d80000)
  from space 2496K,  70% used [0x05ff0000, 0x061a66f8, 0x06260000)
  to   space 2496K,   0% used [0x05d80000, 0x05d80000, 0x05ff0000)
 tenured generation   total 49868K, used 30606K [0x09f50000, 0x0d003000, 0x14a00000)
   the space 49868K,  61% used [0x09f50000, 0x0bd338b0, 0x0bd33a00, 0x0d003000)
 Metaspace       used 34193K, capacity 35454K, committed 35456K, reserved 36224K
}
Event: 12.926 GC heap before
{Heap before GC invocations=116 (full 4):
 def new generation   total 22464K, used 21721K [0x04a00000, 0x06260000, 0x09f50000)
  eden space 19968K, 100% used [0x04a00000, 0x05d80000, 0x05d80000)
  from space 2496K,  70% used [0x05ff0000, 0x061a66f8, 0x06260000)
  to   space 2496K,   0% used [0x05d80000, 0x05d80000, 0x05ff0000)
 tenured generation   total 49868K, used 30606K [0x09f50000, 0x0d003000, 0x14a00000)
   the space 49868K,  61% used [0x09f50000, 0x0bd338b0, 0x0bd33a00, 0x0d003000)
 Metaspace       used 34648K, capacity 35915K, committed 35968K, reserved 36224K
Event: 12.936 GC heap after
Heap after GC invocations=117 (full 4):
 def new generation   total 22464K, used 1957K [0x04a00000, 0x06260000, 0x09f50000)
  eden space 19968K,   0% used [0x04a00000, 0x04a00000, 0x05d80000)
  from space 2496K,  78% used [0x05d80000, 0x05f69630, 0x05ff0000)
  to   space 2496K,   0% used [0x05ff0000, 0x05ff0000, 0x06260000)
 tenured generation   total 49868K, used 31256K [0x09f50000, 0x0d003000, 0x14a00000)
   the space 49868K,  62% used [0x09f50000, 0x0bdd63d8, 0x0bdd6400, 0x0d003000)
 Metaspace       used 34648K, capacity 35915K, committed 35968K, reserved 36224K
}
Event: 13.336 GC heap before
{Heap before GC invocations=117 (full 4):
 def new generation   total 22464K, used 21925K [0x04a00000, 0x06260000, 0x09f50000)
  eden space 19968K, 100% used [0x04a00000, 0x05d80000, 0x05d80000)
  from space 2496K,  78% used [0x05d80000, 0x05f69630, 0x05ff0000)
  to   space 2496K,   0% used [0x05ff0000, 0x05ff0000, 0x06260000)
 tenured generation   total 49868K, used 31256K [0x09f50000, 0x0d003000, 0x14a00000)
   the space 49868K,  62% used [0x09f50000, 0x0bdd63d8, 0x0bdd6400, 0x0d003000)
 Metaspace       used 35181K, capacity 36457K, committed 36480K, reserved 37248K
Event: 13.347 GC heap after
Heap after GC invocations=118 (full 4):
 def new generation   total 22464K, used 1840K [0x04a00000, 0x06260000, 0x09f50000)
  eden space 19968K,   0% used [0x04a00000, 0x04a00000, 0x05d80000)
  from space 2496K,  73% used [0x05ff0000, 0x061bc0c0, 0x06260000)
  to   space 2496K,   0% used [0x05d80000, 0x05d80000, 0x05ff0000)
 tenured generation   total 49868K, used 32105K [0x09f50000, 0x0d003000, 0x14a00000)
   the space 49868K,  64% used [0x09f50000, 0x0beaa710, 0x0beaa800, 0x0d003000)
 Metaspace       used 35181K, capacity 36457K, committed 36480K, reserved 37248K
}
Event: 13.635 GC heap before
{Heap before GC invocations=118 (full 4):
 def new generation   total 22464K, used 21808K [0x04a00000, 0x06260000, 0x09f50000)
  eden space 19968K, 100% used [0x04a00000, 0x05d80000, 0x05d80000)
  from space 2496K,  73% used [0x05ff0000, 0x061bc0c0, 0x06260000)
  to   space 2496K,   0% used [0x05d80000, 0x05d80000, 0x05ff0000)
 tenured generation   total 49868K, used 32105K [0x09f50000, 0x0d003000, 0x14a00000)
   the space 49868K,  64% used [0x09f50000, 0x0beaa710, 0x0beaa800, 0x0d003000)
 Metaspace       used 35495K, capacity 36770K, committed 36864K, reserved 37248K
Event: 13.643 GC heap after
Heap after GC invocations=119 (full 4):
 def new generation   total 22464K, used 1140K [0x04a00000, 0x06260000, 0x09f50000)
  eden space 19968K,   0% used [0x04a00000, 0x04a00000, 0x05d80000)
  from space 2496K,  45% used [0x05d80000, 0x05e9d1b0, 0x05ff0000)
  to   space 2496K,   0% used [0x05ff0000, 0x05ff0000, 0x06260000)
 tenured generation   total 49868K, used 32763K [0x09f50000, 0x0d003000, 0x14a00000)
   the space 49868K,  65% used [0x09f50000, 0x0bf4eff0, 0x0bf4f000, 0x0d003000)
 Metaspace       used 35495K, capacity 36770K, committed 36864K, reserved 37248K
}
Event: 31.258 GC heap before
{Heap before GC invocations=119 (full 4):
 def new generation   total 22464K, used 21108K [0x04a00000, 0x06260000, 0x09f50000)
  eden space 19968K, 100% used [0x04a00000, 0x05d80000, 0x05d80000)
  from space 2496K,  45% used [0x05d80000, 0x05e9d1b0, 0x05ff0000)
  to   space 2496K,   0% used [0x05ff0000, 0x05ff0000, 0x06260000)
 tenured generation   total 49868K, used 32763K [0x09f50000, 0x0d003000, 0x14a00000)
   the space 49868K,  65% used [0x09f50000, 0x0bf4eff0, 0x0bf4f000, 0x0d003000)
 Metaspace       used 36116K, capacity 37425K, committed 37504K, reserved 38272K
Event: 31.268 GC heap after
Heap after GC invocations=120 (full 4):
 def new generation   total 22464K, used 1894K [0x04a00000, 0x06260000, 0x09f50000)
  eden space 19968K,   0% used [0x04a00000, 0x04a00000, 0x05d80000)
  from space 2496K,  75% used [0x05ff0000, 0x061c9bc8, 0x06260000)
  to   space 2496K,   0% used [0x05d80000, 0x05d80000, 0x05ff0000)
 tenured generation   total 49868K, used 32763K [0x09f50000, 0x0d003000, 0x14a00000)
   the space 49868K,  65% used [0x09f50000, 0x0bf4eff0, 0x0bf4f000, 0x0d003000)
 Metaspace       used 36116K, capacity 37425K, committed 37504K, reserved 38272K
}

